<?xml version="1.0" encoding="UTF-8"?>
<testsuites name="New Test Suite" time="195.135" tests="5" failures="0" errors="0">
   <testsuite name="New Test Suite" tests="5" failures="0" errors="0" time="195.135" skipped="0" timestamp="2021-10-06 20:13:07" hostname="Trang Nina - DESKTOP-999C2HD" id="Test Suites/New Test Suite">
      <properties>
         <property name="deviceName" value=""/>
         <property name="devicePlatform" value=""/>
         <property name="logFolder" value="C:\\Users\\Trang fuji\\git\\p1\\Reports\\20211006_201150\\New Test Suite\\20211006_201251"/>
         <property name="logFiles" value="C:\\Users\\Trang fuji\\git\\p1\\Reports\\20211006_201150\\New Test Suite\\20211006_201251\\execution0.log"/>
         <property name="attachments" value=""/>
         <property name="hostName" value="Trang Nina - DESKTOP-999C2HD"/>
         <property name="os" value="Windows 10 64bit"/>
         <property name="katalonVersion" value="8.1.0.208"/>
         <property name="browser" value="Chrome 94.0.4606.71"/>
         <property name="hostAddress" value="192.168.1.13"/>
         <property name="sessionId" value="0e6907eca1bf5980c47ee563a97e2f37"/>
         <property name="seleniumVersion" value="3.141.59"/>
         <property name="proxyInformation" value="ProxyInformation { proxyOption=NO_PROXY, proxyServerType=HTTP, username=, password=********, proxyServerAddress=, proxyServerPort=0, executionList=&quot;&quot;, isApplyToDesiredCapabilities=true }"/>
         <property name="platform" value="Windows 10"/>
      </properties>
      <testcase name="Test Cases/DN/DN_1" time="80.544" classname="Test Cases/DN/DN_1" status="PASSED">
         <system-out><![CDATA[2021-10-06 20:13:08 - [TEST_CASE][PASSED] - Test Cases/DN/DN_1: Test Cases/DN/DN_1

2021-10-06 20:13:09 - [TEST_STEP][PASSED] - openBrowser(""): Browser is opened with url: ''

2021-10-06 20:13:09 - [MESSAGE][INFO] - Starting 'Chrome' driver

2021-10-06 20:13:09 - [MESSAGE][INFO] - User set preference: ['arg', '[--disable-gpu]']

2021-10-06 20:13:10 - [MESSAGE][INFO] - Action delay is set to 0 milliseconds

2021-10-06 20:13:59 - [MESSAGE][PASSED] - Browser is opened with url: ''

2021-10-06 20:13:59 - [TEST_STEP][PASSED] - navigateToUrl("http://live.techpanda.org/index.php/customer/account/login/"): Navigate to 'http://live.techpanda.org/index.php/customer/account/login/' successfully

2021-10-06 20:14:21 - [MESSAGE][PASSED] - Navigate to 'http://live.techpanda.org/index.php/customer/account/login/' successfully

2021-10-06 20:14:21 - [TEST_STEP][PASSED] - setText(findTestObject("Object Repository/Page_Customer Login/input__loginusername"), user): Text 'hanh82643@gmail.com' is set on object 'Object Repository/Page_Customer Login/input__loginusername'

2021-10-06 20:14:23 - [MESSAGE][PASSED] - Text 'hanh82643@gmail.com' is set on object 'Object Repository/Page_Customer Login/input__loginusername'

2021-10-06 20:14:23 - [TEST_STEP][PASSED] - setText(findTestObject("Object Repository/Page_Customer Login/input__loginpassword"), pass): Text 'honghanh28' is set on object 'Object Repository/Page_Customer Login/input__loginpassword'

2021-10-06 20:14:24 - [MESSAGE][PASSED] - Text 'honghanh28' is set on object 'Object Repository/Page_Customer Login/input__loginpassword'

2021-10-06 20:14:24 - [TEST_STEP][PASSED] - click(findTestObject("Object Repository/Page_Customer Login/button_Login")): Object: 'Object Repository/Page_Customer Login/button_Login' is clicked on

2021-10-06 20:14:28 - [MESSAGE][PASSED] - Object: 'Object Repository/Page_Customer Login/button_Login' is clicked on

2021-10-06 20:14:28 - [TEST_STEP][PASSED] - verifyElementText(findTestObject("Object Repository/Page_My Account/strong_Hello, Hnh Trng"), "Hello, Hạnh Trương!"): Actual text and expected text of test object 'Object Repository/Page_My Account/strong_Hello, Hnh Trng' are matched.

2021-10-06 20:14:29 - [MESSAGE][PASSED] - Actual text and expected text of test object 'Object Repository/Page_My Account/strong_Hello, Hnh Trng' are matched.]]></system-out>
         <system-err><![CDATA[]]></system-err>
      </testcase>
      <testcase name="Test Cases/DN/DN_2" time="31.008" classname="Test Cases/DN/DN_2" status="PASSED">
         <system-out><![CDATA[2021-10-06 20:14:29 - [TEST_CASE][PASSED] - Test Cases/DN/DN_2: Test Cases/DN/DN_2

2021-10-06 20:14:30 - [TEST_STEP][PASSED] - openBrowser(""): Browser is opened with url: ''

2021-10-06 20:14:30 - [MESSAGE][WARNING] - A browser is already opened. Closing browser and opening a new one

2021-10-06 20:14:33 - [MESSAGE][INFO] - Starting 'Chrome' driver

2021-10-06 20:14:33 - [MESSAGE][INFO] - User set preference: ['arg', '[--disable-gpu]']

2021-10-06 20:14:33 - [MESSAGE][INFO] - Action delay is set to 0 milliseconds

2021-10-06 20:14:42 - [MESSAGE][PASSED] - Browser is opened with url: ''

2021-10-06 20:14:42 - [TEST_STEP][PASSED] - navigateToUrl("http://live.techpanda.org/index.php/customer/account/login/"): Navigate to 'http://live.techpanda.org/index.php/customer/account/login/' successfully

2021-10-06 20:14:51 - [MESSAGE][PASSED] - Navigate to 'http://live.techpanda.org/index.php/customer/account/login/' successfully

2021-10-06 20:14:51 - [TEST_STEP][PASSED] - setText(findTestObject("Object Repository/Page_Customer Login/input__loginusername"), user): Text 'truonghonghanh2808@gmail.com' is set on object 'Object Repository/Page_Customer Login/input__loginusername'

2021-10-06 20:14:56 - [MESSAGE][PASSED] - Text 'truonghonghanh2808@gmail.com' is set on object 'Object Repository/Page_Customer Login/input__loginusername'

2021-10-06 20:14:56 - [TEST_STEP][PASSED] - setText(findTestObject("Object Repository/Page_Customer Login/input__loginpassword"), pass): Text '1234567' is set on object 'Object Repository/Page_Customer Login/input__loginpassword'

2021-10-06 20:14:57 - [MESSAGE][PASSED] - Text '1234567' is set on object 'Object Repository/Page_Customer Login/input__loginpassword'

2021-10-06 20:14:57 - [TEST_STEP][PASSED] - click(findTestObject("Object Repository/Page_Customer Login/button_Login")): Object: 'Object Repository/Page_Customer Login/button_Login' is clicked on

2021-10-06 20:14:59 - [MESSAGE][PASSED] - Object: 'Object Repository/Page_Customer Login/button_Login' is clicked on

2021-10-06 20:14:59 - [TEST_STEP][PASSED] - verifyElementText(findTestObject("Object Repository/Page_Customer Login/span_Invalid login or password"), "Invalid login or password."): Actual text and expected text of test object 'Object Repository/Page_Customer Login/span_Invalid login or password' are matched.

2021-10-06 20:15:00 - [MESSAGE][PASSED] - Actual text and expected text of test object 'Object Repository/Page_Customer Login/span_Invalid login or password' are matched.]]></system-out>
         <system-err><![CDATA[]]></system-err>
      </testcase>
      <testcase name="Test Cases/DN/DN_3" time="21.898" classname="Test Cases/DN/DN_3" status="PASSED">
         <system-out><![CDATA[2021-10-06 20:15:00 - [TEST_CASE][PASSED] - Test Cases/DN/DN_3: Test Cases/DN/DN_3

2021-10-06 20:15:01 - [TEST_STEP][PASSED] - openBrowser(""): Browser is opened with url: ''

2021-10-06 20:15:01 - [MESSAGE][WARNING] - A browser is already opened. Closing browser and opening a new one

2021-10-06 20:15:02 - [MESSAGE][INFO] - Starting 'Chrome' driver

2021-10-06 20:15:02 - [MESSAGE][INFO] - User set preference: ['arg', '[--disable-gpu]']

2021-10-06 20:15:02 - [MESSAGE][INFO] - Action delay is set to 0 milliseconds

2021-10-06 20:15:09 - [MESSAGE][PASSED] - Browser is opened with url: ''

2021-10-06 20:15:09 - [TEST_STEP][PASSED] - navigateToUrl("http://live.techpanda.org/index.php/customer/account/login/"): Navigate to 'http://live.techpanda.org/index.php/customer/account/login/' successfully

2021-10-06 20:15:15 - [MESSAGE][PASSED] - Navigate to 'http://live.techpanda.org/index.php/customer/account/login/' successfully

2021-10-06 20:15:15 - [TEST_STEP][PASSED] - setText(findTestObject("Object Repository/Page_Customer Login/input__loginusername"), user): Text 'truonghonghanh2808@gmail.com' is set on object 'Object Repository/Page_Customer Login/input__loginusername'

2021-10-06 20:15:19 - [MESSAGE][PASSED] - Text 'truonghonghanh2808@gmail.com' is set on object 'Object Repository/Page_Customer Login/input__loginusername'

2021-10-06 20:15:19 - [TEST_STEP][PASSED] - setText(findTestObject("Object Repository/Page_Customer Login/input__loginpassword"), pass): Text '' is set on object 'Object Repository/Page_Customer Login/input__loginpassword'

2021-10-06 20:15:19 - [MESSAGE][PASSED] - Text '' is set on object 'Object Repository/Page_Customer Login/input__loginpassword'

2021-10-06 20:15:19 - [TEST_STEP][PASSED] - click(findTestObject("Object Repository/Page_Customer Login/button_Login")): Object: 'Object Repository/Page_Customer Login/button_Login' is clicked on

2021-10-06 20:15:20 - [MESSAGE][PASSED] - Object: 'Object Repository/Page_Customer Login/button_Login' is clicked on

2021-10-06 20:15:20 - [TEST_STEP][PASSED] - verifyElementText(findTestObject("Object Repository/Page_Customer Login/div_This is a required field"), "This is a required field."): Actual text and expected text of test object 'Object Repository/Page_Customer Login/div_This is a required field' are matched.

2021-10-06 20:15:22 - [MESSAGE][PASSED] - Actual text and expected text of test object 'Object Repository/Page_Customer Login/div_This is a required field' are matched.]]></system-out>
         <system-err><![CDATA[]]></system-err>
      </testcase>
      <testcase name="Test Cases/DN/DN_4" time="26.172" classname="Test Cases/DN/DN_4" status="PASSED">
         <system-out><![CDATA[2021-10-06 20:15:22 - [TEST_CASE][PASSED] - Test Cases/DN/DN_4: Test Cases/DN/DN_4

2021-10-06 20:15:22 - [TEST_STEP][PASSED] - openBrowser(""): Browser is opened with url: ''

2021-10-06 20:15:22 - [MESSAGE][WARNING] - A browser is already opened. Closing browser and opening a new one

2021-10-06 20:15:23 - [MESSAGE][INFO] - Starting 'Chrome' driver

2021-10-06 20:15:23 - [MESSAGE][INFO] - User set preference: ['arg', '[--disable-gpu]']

2021-10-06 20:15:24 - [MESSAGE][INFO] - Action delay is set to 0 milliseconds

2021-10-06 20:15:35 - [MESSAGE][PASSED] - Browser is opened with url: ''

2021-10-06 20:15:35 - [TEST_STEP][PASSED] - navigateToUrl("http://live.techpanda.org/index.php/customer/account/login/"): Navigate to 'http://live.techpanda.org/index.php/customer/account/login/' successfully

2021-10-06 20:15:43 - [MESSAGE][PASSED] - Navigate to 'http://live.techpanda.org/index.php/customer/account/login/' successfully

2021-10-06 20:15:43 - [TEST_STEP][PASSED] - setText(findTestObject("Object Repository/Page_Customer Login/input__loginusername"), user): Text '' is set on object 'Object Repository/Page_Customer Login/input__loginusername'

2021-10-06 20:15:45 - [MESSAGE][PASSED] - Text '' is set on object 'Object Repository/Page_Customer Login/input__loginusername'

2021-10-06 20:15:45 - [TEST_STEP][PASSED] - setText(findTestObject("Object Repository/Page_Customer Login/input__loginpassword"), pass): Text '' is set on object 'Object Repository/Page_Customer Login/input__loginpassword'

2021-10-06 20:15:46 - [MESSAGE][PASSED] - Text '' is set on object 'Object Repository/Page_Customer Login/input__loginpassword'

2021-10-06 20:15:46 - [TEST_STEP][PASSED] - click(findTestObject("Object Repository/Page_Customer Login/button_Login")): Object: 'Object Repository/Page_Customer Login/button_Login' is clicked on

2021-10-06 20:15:47 - [MESSAGE][PASSED] - Object: 'Object Repository/Page_Customer Login/button_Login' is clicked on

2021-10-06 20:15:47 - [TEST_STEP][PASSED] - verifyElementText(findTestObject("Object Repository/Page_Customer Login/div_This is a required field"), "This is a required field."): Actual text and expected text of test object 'Object Repository/Page_Customer Login/div_This is a required field' are matched.

2021-10-06 20:15:48 - [MESSAGE][PASSED] - Actual text and expected text of test object 'Object Repository/Page_Customer Login/div_This is a required field' are matched.]]></system-out>
         <system-err><![CDATA[]]></system-err>
      </testcase>
      <testcase name="Test Cases/DN/DN_5" time="19.825" classname="Test Cases/DN/DN_5" status="PASSED">
         <system-out><![CDATA[2021-10-06 20:15:48 - [TEST_CASE][PASSED] - Test Cases/DN/DN_5: Test Cases/DN/DN_5

2021-10-06 20:15:48 - [TEST_STEP][PASSED] - openBrowser(""): Browser is opened with url: ''

2021-10-06 20:15:48 - [MESSAGE][WARNING] - A browser is already opened. Closing browser and opening a new one

2021-10-06 20:15:50 - [MESSAGE][INFO] - Starting 'Chrome' driver

2021-10-06 20:15:50 - [MESSAGE][INFO] - User set preference: ['arg', '[--disable-gpu]']

2021-10-06 20:15:50 - [MESSAGE][INFO] - Action delay is set to 0 milliseconds

2021-10-06 20:15:57 - [MESSAGE][PASSED] - Browser is opened with url: ''

2021-10-06 20:15:57 - [TEST_STEP][PASSED] - navigateToUrl("http://live.techpanda.org/index.php/customer/account/login/"): Navigate to 'http://live.techpanda.org/index.php/customer/account/login/' successfully

2021-10-06 20:16:04 - [MESSAGE][PASSED] - Navigate to 'http://live.techpanda.org/index.php/customer/account/login/' successfully

2021-10-06 20:16:04 - [TEST_STEP][PASSED] - setText(findTestObject("Object Repository/Page_Customer Login/input__loginusername"), user): Text 'hanh123@gmail.com' is set on object 'Object Repository/Page_Customer Login/input__loginusername'

2021-10-06 20:16:06 - [MESSAGE][PASSED] - Text 'hanh123@gmail.com' is set on object 'Object Repository/Page_Customer Login/input__loginusername'

2021-10-06 20:16:06 - [TEST_STEP][PASSED] - setText(findTestObject("Object Repository/Page_Customer Login/input__loginpassword"), pass): Text '' is set on object 'Object Repository/Page_Customer Login/input__loginpassword'

2021-10-06 20:16:07 - [MESSAGE][PASSED] - Text '' is set on object 'Object Repository/Page_Customer Login/input__loginpassword'

2021-10-06 20:16:07 - [TEST_STEP][PASSED] - click(findTestObject("Object Repository/Page_Customer Login/button_Login")): Object: 'Object Repository/Page_Customer Login/button_Login' is clicked on

2021-10-06 20:16:07 - [MESSAGE][PASSED] - Object: 'Object Repository/Page_Customer Login/button_Login' is clicked on

2021-10-06 20:16:07 - [TEST_STEP][PASSED] - verifyElementText(findTestObject("Object Repository/Page_Customer Login/div_This is a required field"), "This is a required field."): Actual text and expected text of test object 'Object Repository/Page_Customer Login/div_This is a required field' are matched.

2021-10-06 20:16:08 - [MESSAGE][PASSED] - Actual text and expected text of test object 'Object Repository/Page_Customer Login/div_This is a required field' are matched.]]></system-out>
         <system-err><![CDATA[]]></system-err>
      </testcase>
      <system-out><![CDATA[2021-10-06 20:13:07 - [TEST_SUITE][PASSED] - New Test Suite: Test Cases/DN/DN_5]]></system-out>
      <system-err><![CDATA[]]></system-err>
   </testsuite>
</testsuites>
