<?xml version="1.0" encoding="UTF-8"?>
<testsuites name="New Test Suite" time="52.074" tests="1" failures="0" errors="0">
   <testsuite name="New Test Suite" tests="1" failures="0" errors="0" time="52.074" skipped="0" timestamp="2021-10-06 19:05:14" hostname="Trang Nina - DESKTOP-999C2HD" id="Test Suites/New Test Suite">
      <properties>
         <property name="deviceName" value=""/>
         <property name="devicePlatform" value=""/>
         <property name="logFolder" value="C:\\Users\\Trang fuji\\git\\p1\\Reports\\20211006_190504\\New Test Suite\\20211006_190504"/>
         <property name="logFiles" value="C:\\Users\\Trang fuji\\git\\p1\\Reports\\20211006_190504\\New Test Suite\\20211006_190504\\execution0.log"/>
         <property name="attachments" value=""/>
         <property name="hostName" value="Trang Nina - DESKTOP-999C2HD"/>
         <property name="os" value="Windows 10 64bit"/>
         <property name="katalonVersion" value="8.1.0.208"/>
         <property name="browser" value="Chrome 94.0.4606.71"/>
         <property name="hostAddress" value="192.168.1.13"/>
         <property name="sessionId" value="b6c9959517df5b18b75f8c131010a19e"/>
         <property name="seleniumVersion" value="3.141.59"/>
         <property name="proxyInformation" value="ProxyInformation { proxyOption=NO_PROXY, proxyServerType=HTTP, username=, password=********, proxyServerAddress=, proxyServerPort=0, executionList=&quot;&quot;, isApplyToDesiredCapabilities=true }"/>
         <property name="platform" value="Windows 10"/>
      </properties>
      <testcase name="Test Cases/DN_1" time="37.046" classname="Test Cases/DN_1" status="PASSED">
         <system-out><![CDATA[2021-10-06 19:05:15 - [TEST_CASE][PASSED] - Test Cases/DN_1: Test Cases/DN_1

2021-10-06 19:05:16 - [TEST_STEP][PASSED] - openBrowser(""): Browser is opened with url: ''

2021-10-06 19:05:16 - [MESSAGE][INFO] - Starting 'Chrome' driver

2021-10-06 19:05:17 - [MESSAGE][INFO] - Action delay is set to 0 milliseconds

2021-10-06 19:05:30 - [MESSAGE][PASSED] - Browser is opened with url: ''

2021-10-06 19:05:30 - [TEST_STEP][PASSED] - navigateToUrl("http://live.techpanda.org/index.php/customer/account/login/"): Navigate to 'http://live.techpanda.org/index.php/customer/account/login/' successfully

2021-10-06 19:05:45 - [MESSAGE][PASSED] - Navigate to 'http://live.techpanda.org/index.php/customer/account/login/' successfully

2021-10-06 19:05:45 - [TEST_STEP][PASSED] - setText(findTestObject("Object Repository/Page_Customer Login/input__loginusername"), user): Text 'hanh82643@gmail.com' is set on object 'Object Repository/Page_Customer Login/input__loginusername'

2021-10-06 19:05:47 - [MESSAGE][PASSED] - Text 'hanh82643@gmail.com' is set on object 'Object Repository/Page_Customer Login/input__loginusername'

2021-10-06 19:05:47 - [TEST_STEP][PASSED] - setText(findTestObject("Object Repository/Page_Customer Login/input__loginpassword"), pass): Text 'honghanh28' is set on object 'Object Repository/Page_Customer Login/input__loginpassword'

2021-10-06 19:05:48 - [MESSAGE][PASSED] - Text 'honghanh28' is set on object 'Object Repository/Page_Customer Login/input__loginpassword'

2021-10-06 19:05:48 - [TEST_STEP][PASSED] - click(findTestObject("Object Repository/Page_Customer Login/button_Login")): Object: 'Object Repository/Page_Customer Login/button_Login' is clicked on

2021-10-06 19:05:51 - [MESSAGE][PASSED] - Object: 'Object Repository/Page_Customer Login/button_Login' is clicked on

2021-10-06 19:05:51 - [TEST_STEP][PASSED] - verifyElementText(findTestObject("Object Repository/Page_My Account/strong_Hello, Hnh Trng"), "Hello, Hạnh Trương!"): Actual text and expected text of test object 'Object Repository/Page_My Account/strong_Hello, Hnh Trng' are matched.

2021-10-06 19:05:52 - [MESSAGE][PASSED] - Actual text and expected text of test object 'Object Repository/Page_My Account/strong_Hello, Hnh Trng' are matched.]]></system-out>
         <system-err><![CDATA[]]></system-err>
      </testcase>
      <system-out><![CDATA[2021-10-06 19:05:14 - [TEST_SUITE][PASSED] - New Test Suite: Test Cases/DN_1]]></system-out>
      <system-err><![CDATA[]]></system-err>
   </testsuite>
</testsuites>
