<?xml version="1.0" encoding="UTF-8"?>
<testsuites name="New Test Suite_New" time="165.063" tests="3" failures="0" errors="0">
   <testsuite name="New Test Suite_New" tests="3" failures="0" errors="0" time="165.063" skipped="0" timestamp="2021-10-07 07:59:49" hostname="Trang Nina - DESKTOP-999C2HD" id="Test Suites/New Test Suite_New">
      <properties>
         <property name="deviceName" value=""/>
         <property name="devicePlatform" value=""/>
         <property name="logFolder" value="C:\\Users\\Trang fuji\\git\\p1\\Reports\\20211007_075838\\New Test Suite_New\\20211007_075937"/>
         <property name="logFiles" value="C:\\Users\\Trang fuji\\git\\p1\\Reports\\20211007_075838\\New Test Suite_New\\20211007_075937\\execution0.log"/>
         <property name="attachments" value=""/>
         <property name="hostName" value="Trang Nina - DESKTOP-999C2HD"/>
         <property name="os" value="Windows 10 64bit"/>
         <property name="katalonVersion" value="8.1.0.208"/>
         <property name="browser" value="Chrome 94.0.4606.71"/>
         <property name="hostAddress" value="192.168.1.13"/>
         <property name="sessionId" value="b5105fc308ee79f8db4c3a24dd5675cf"/>
         <property name="seleniumVersion" value="3.141.59"/>
         <property name="proxyInformation" value="ProxyInformation { proxyOption=NO_PROXY, proxyServerType=HTTP, username=, password=********, proxyServerAddress=, proxyServerPort=0, executionList=&quot;&quot;, isApplyToDesiredCapabilities=true }"/>
         <property name="platform" value="Windows 10"/>
      </properties>
      <testcase name="Test Cases/NewLetter/New_1" time="76.346" classname="Test Cases/NewLetter/New_1" status="PASSED">
         <system-out><![CDATA[2021-10-07 07:59:50 - [TEST_CASE][PASSED] - Test Cases/NewLetter/New_1: Test Cases/NewLetter/New_1

2021-10-07 07:59:51 - [TEST_STEP][PASSED] - openBrowser(""): Browser is opened with url: ''

2021-10-07 07:59:52 - [MESSAGE][INFO] - Starting 'Chrome' driver

2021-10-07 07:59:52 - [MESSAGE][INFO] - User set preference: ['arg', '[--disable-gpu]']

2021-10-07 07:59:53 - [MESSAGE][INFO] - Action delay is set to 0 milliseconds

2021-10-07 08:00:50 - [MESSAGE][PASSED] - Browser is opened with url: ''

2021-10-07 08:00:50 - [TEST_STEP][PASSED] - navigateToUrl("http://live.techpanda.org/index.php/customer/account/login/"): Navigate to 'http://live.techpanda.org/index.php/customer/account/login/' successfully

2021-10-07 08:00:59 - [MESSAGE][PASSED] - Navigate to 'http://live.techpanda.org/index.php/customer/account/login/' successfully

2021-10-07 08:00:59 - [TEST_STEP][PASSED] - setText(findTestObject("Object Repository/Page_Customer Login/input_Sign Up for Our Newsletter_email"), email): Text 'ht2474@gmail.com' is set on object 'Object Repository/Page_Customer Login/input_Sign Up for Our Newsletter_email'

2021-10-07 08:01:03 - [MESSAGE][PASSED] - Text 'ht2474@gmail.com' is set on object 'Object Repository/Page_Customer Login/input_Sign Up for Our Newsletter_email'

2021-10-07 08:01:03 - [TEST_STEP][PASSED] - click(findTestObject("Object Repository/Page_Customer Login/button_Subscribe")): Object: 'Object Repository/Page_Customer Login/button_Subscribe' is clicked on

2021-10-07 08:01:06 - [MESSAGE][PASSED] - Object: 'Object Repository/Page_Customer Login/button_Subscribe' is clicked on

2021-10-07 08:01:06 - [TEST_STEP][PASSED] - verifyElementText(findTestObject("Object Repository/Page_Customer Login/span_Thank you for your subscription"), "Thank you for your subscription."): Actual text and expected text of test object 'Object Repository/Page_Customer Login/span_Thank you for your subscription' are matched.

2021-10-07 08:01:06 - [MESSAGE][PASSED] - Actual text and expected text of test object 'Object Repository/Page_Customer Login/span_Thank you for your subscription' are matched.]]></system-out>
         <system-err><![CDATA[]]></system-err>
      </testcase>
      <testcase name="Test Cases/NewLetter/New_2" time="40.771" classname="Test Cases/NewLetter/New_2" status="PASSED">
         <system-out><![CDATA[2021-10-07 08:01:06 - [TEST_CASE][PASSED] - Test Cases/NewLetter/New_2: Test Cases/NewLetter/New_2

2021-10-07 08:01:07 - [TEST_STEP][PASSED] - openBrowser(""): Browser is opened with url: ''

2021-10-07 08:01:07 - [MESSAGE][WARNING] - A browser is already opened. Closing browser and opening a new one

2021-10-07 08:01:09 - [MESSAGE][INFO] - Starting 'Chrome' driver

2021-10-07 08:01:09 - [MESSAGE][INFO] - User set preference: ['arg', '[--disable-gpu]']

2021-10-07 08:01:09 - [MESSAGE][INFO] - Action delay is set to 0 milliseconds

2021-10-07 08:01:22 - [MESSAGE][PASSED] - Browser is opened with url: ''

2021-10-07 08:01:22 - [TEST_STEP][PASSED] - navigateToUrl("http://live.techpanda.org/index.php/customer/account/login/"): Navigate to 'http://live.techpanda.org/index.php/customer/account/login/' successfully

2021-10-07 08:01:44 - [MESSAGE][PASSED] - Navigate to 'http://live.techpanda.org/index.php/customer/account/login/' successfully

2021-10-07 08:01:44 - [TEST_STEP][PASSED] - setText(findTestObject("Object Repository/Page_Customer Login/input_Sign Up for Our Newsletter_email"), email): Text '' is set on object 'Object Repository/Page_Customer Login/input_Sign Up for Our Newsletter_email'

2021-10-07 08:01:46 - [MESSAGE][PASSED] - Text '' is set on object 'Object Repository/Page_Customer Login/input_Sign Up for Our Newsletter_email'

2021-10-07 08:01:46 - [TEST_STEP][PASSED] - click(findTestObject("Object Repository/Page_Customer Login/button_Subscribe")): Object: 'Object Repository/Page_Customer Login/button_Subscribe' is clicked on

2021-10-07 08:01:47 - [MESSAGE][PASSED] - Object: 'Object Repository/Page_Customer Login/button_Subscribe' is clicked on

2021-10-07 08:01:47 - [TEST_STEP][PASSED] - verifyElementText(findTestObject("Object Repository/Page_Customer Login/div_This is a required field"), "THIS IS A REQUIRED FIELD."): Actual text and expected text of test object 'Object Repository/Page_Customer Login/div_This is a required field' are matched.

2021-10-07 08:01:47 - [MESSAGE][PASSED] - Actual text and expected text of test object 'Object Repository/Page_Customer Login/div_This is a required field' are matched.]]></system-out>
         <system-err><![CDATA[]]></system-err>
      </testcase>
      <testcase name="Test Cases/NewLetter/New_3" time="32.879" classname="Test Cases/NewLetter/New_3" status="PASSED">
         <system-out><![CDATA[2021-10-07 08:01:47 - [TEST_CASE][PASSED] - Test Cases/NewLetter/New_3: Test Cases/NewLetter/New_3

2021-10-07 08:01:48 - [TEST_STEP][PASSED] - openBrowser(""): Browser is opened with url: ''

2021-10-07 08:01:48 - [MESSAGE][WARNING] - A browser is already opened. Closing browser and opening a new one

2021-10-07 08:01:49 - [MESSAGE][INFO] - Starting 'Chrome' driver

2021-10-07 08:01:49 - [MESSAGE][INFO] - User set preference: ['arg', '[--disable-gpu]']

2021-10-07 08:01:49 - [MESSAGE][INFO] - Action delay is set to 0 milliseconds

2021-10-07 08:02:07 - [MESSAGE][PASSED] - Browser is opened with url: ''

2021-10-07 08:02:07 - [TEST_STEP][PASSED] - navigateToUrl("http://live.techpanda.org/index.php/customer/account/login/"): Navigate to 'http://live.techpanda.org/index.php/customer/account/login/' successfully

2021-10-07 08:02:17 - [MESSAGE][PASSED] - Navigate to 'http://live.techpanda.org/index.php/customer/account/login/' successfully

2021-10-07 08:02:17 - [TEST_STEP][PASSED] - setText(findTestObject("Object Repository/Page_Customer Login/input_Sign Up for Our Newsletter_email"), email): Text 'hanh2808@gmail.com1' is set on object 'Object Repository/Page_Customer Login/input_Sign Up for Our Newsletter_email'

2021-10-07 08:02:19 - [MESSAGE][PASSED] - Text 'hanh2808@gmail.com1' is set on object 'Object Repository/Page_Customer Login/input_Sign Up for Our Newsletter_email'

2021-10-07 08:02:19 - [TEST_STEP][PASSED] - click(findTestObject("Object Repository/Page_Customer Login/button_Subscribe")): Object: 'Object Repository/Page_Customer Login/button_Subscribe' is clicked on

2021-10-07 08:02:20 - [MESSAGE][PASSED] - Object: 'Object Repository/Page_Customer Login/button_Subscribe' is clicked on

2021-10-07 08:02:20 - [TEST_STEP][PASSED] - verifyElementText(findTestObject("Object Repository/Page_Customer Login/div_Please enter a valid email address. For_90e2b3"), "PLEASE ENTER A VALID EMAIL ADDRESS. FOR EXAMPLE JOHNDOE@DOMAIN.COM."): Actual text and expected text of test object 'Object Repository/Page_Customer Login/div_Please enter a valid email address. For_90e2b3' are matched.

2021-10-07 08:02:20 - [MESSAGE][PASSED] - Actual text and expected text of test object 'Object Repository/Page_Customer Login/div_Please enter a valid email address. For_90e2b3' are matched.]]></system-out>
         <system-err><![CDATA[]]></system-err>
      </testcase>
      <system-out><![CDATA[2021-10-07 07:59:49 - [TEST_SUITE][PASSED] - New Test Suite_New: Test Cases/NewLetter/New_3]]></system-out>
      <system-err><![CDATA[]]></system-err>
   </testsuite>
</testsuites>
